{"total": {"lines":{"total":7909,"covered":3215,"skipped":0,"pct":40.64},"statements":{"total":8166,"covered":3307,"skipped":0,"pct":40.49},"functions":{"total":596,"covered":245,"skipped":0,"pct":41.1},"branches":{"total":4380,"covered":1476,"skipped":0,"pct":33.69},"branchesTrue":{"total":0,"covered":0,"skipped":0,"pct":100}}
,"C:\\Users\\tyler\\ship\\api\\src\\app.ts": {"lines":{"total":86,"covered":76,"skipped":0,"pct":88.37},"functions":{"total":9,"covered":7,"skipped":0,"pct":77.77},"statements":{"total":86,"covered":76,"skipped":0,"pct":88.37},"branches":{"total":48,"covered":25,"skipped":0,"pct":52.08}}
,"C:\\Users\\tyler\\ship\\api\\src\\swagger.ts": {"lines":{"total":43,"covered":6,"skipped":0,"pct":13.95},"functions":{"total":7,"covered":1,"skipped":0,"pct":14.28},"statements":{"total":48,"covered":6,"skipped":0,"pct":12.5},"branches":{"total":35,"covered":0,"skipped":0,"pct":0}}
,"C:\\Users\\tyler\\ship\\api\\src\\collaboration\\index.ts": {"lines":{"total":362,"covered":32,"skipped":0,"pct":8.83},"functions":{"total":46,"covered":3,"skipped":0,"pct":6.52},"statements":{"total":375,"covered":32,"skipped":0,"pct":8.53},"branches":{"total":165,"covered":4,"skipped":0,"pct":2.42}}
,"C:\\Users\\tyler\\ship\\api\\src\\db\\client.ts": {"lines":{"total":17,"covered":9,"skipped":0,"pct":52.94},"functions":{"total":2,"covered":0,"skipped":0,"pct":0},"statements":{"total":17,"covered":9,"skipped":0,"pct":52.94},"branches":{"total":2,"covered":1,"skipped":0,"pct":50}}
,"C:\\Users\\tyler\\ship\\api\\src\\db\\welcomeDocument.ts": {"lines":{"total":2,"covered":2,"skipped":0,"pct":100},"functions":{"total":0,"covered":0,"skipped":0,"pct":100},"statements":{"total":2,"covered":2,"skipped":0,"pct":100},"branches":{"total":0,"covered":0,"skipped":0,"pct":100}}
,"C:\\Users\\tyler\\ship\\api\\src\\middleware\\auth.ts": {"lines":{"total":101,"covered":78,"skipped":0,"pct":77.22},"functions":{"total":6,"covered":5,"skipped":0,"pct":83.33},"statements":{"total":104,"covered":79,"skipped":0,"pct":75.96},"branches":{"total":50,"covered":36,"skipped":0,"pct":72}}
,"C:\\Users\\tyler\\ship\\api\\src\\middleware\\visibility.ts": {"lines":{"total":5,"covered":5,"skipped":0,"pct":100},"functions":{"total":3,"covered":3,"skipped":0,"pct":100},"statements":{"total":5,"covered":5,"skipped":0,"pct":100},"branches":{"total":0,"covered":0,"skipped":0,"pct":100}}
,"C:\\Users\\tyler\\ship\\api\\src\\openapi\\index.ts": {"lines":{"total":0,"covered":0,"skipped":0,"pct":0},"functions":{"total":0,"covered":0,"skipped":0,"pct":0},"statements":{"total":0,"covered":0,"skipped":0,"pct":0},"branches":{"total":0,"covered":0,"skipped":0,"pct":0}}
,"C:\\Users\\tyler\\ship\\api\\src\\openapi\\registry.ts": {"lines":{"total":6,"covered":6,"skipped":0,"pct":100},"functions":{"total":1,"covered":1,"skipped":0,"pct":100},"statements":{"total":6,"covered":6,"skipped":0,"pct":100},"branches":{"total":0,"covered":0,"skipped":0,"pct":100}}
,"C:\\Users\\tyler\\ship\\api\\src\\openapi\\schemas\\accountability.ts": {"lines":{"total":7,"covered":7,"skipped":0,"pct":100},"functions":{"total":0,"covered":0,"skipped":0,"pct":100},"statements":{"total":7,"covered":7,"skipped":0,"pct":100},"branches":{"total":0,"covered":0,"skipped":0,"pct":100}}
,"C:\\Users\\tyler\\ship\\api\\src\\openapi\\schemas\\activity.ts": {"lines":{"total":5,"covered":5,"skipped":0,"pct":100},"functions":{"total":0,"covered":0,"skipped":0,"pct":100},"statements":{"total":5,"covered":5,"skipped":0,"pct":100},"branches":{"total":0,"covered":0,"skipped":0,"pct":100}}
,"C:\\Users\\tyler\\ship\\api\\src\\openapi\\schemas\\ai.ts": {"lines":{"total":11,"covered":11,"skipped":0,"pct":100},"functions":{"total":0,"covered":0,"skipped":0,"pct":100},"statements":{"total":11,"covered":11,"skipped":0,"pct":100},"branches":{"total":0,"covered":0,"skipped":0,"pct":100}}
,"C:\\Users\\tyler\\ship\\api\\src\\openapi\\schemas\\auth.ts": {"lines":{"total":18,"covered":18,"skipped":0,"pct":100},"functions":{"total":0,"covered":0,"skipped":0,"pct":100},"statements":{"total":18,"covered":18,"skipped":0,"pct":100},"branches":{"total":0,"covered":0,"skipped":0,"pct":100}}
,"C:\\Users\\tyler\\ship\\api\\src\\openapi\\schemas\\backlinks.ts": {"lines":{"total":10,"covered":10,"skipped":0,"pct":100},"functions":{"total":0,"covered":0,"skipped":0,"pct":100},"statements":{"total":10,"covered":10,"skipped":0,"pct":100},"branches":{"total":0,"covered":0,"skipped":0,"pct":100}}
,"C:\\Users\\tyler\\ship\\api\\src\\openapi\\schemas\\claude.ts": {"lines":{"total":10,"covered":10,"skipped":0,"pct":100},"functions":{"total":0,"covered":0,"skipped":0,"pct":100},"statements":{"total":10,"covered":10,"skipped":0,"pct":100},"branches":{"total":0,"covered":0,"skipped":0,"pct":100}}
,"C:\\Users\\tyler\\ship\\api\\src\\openapi\\schemas\\comments.ts": {"lines":{"total":10,"covered":10,"skipped":0,"pct":100},"functions":{"total":0,"covered":0,"skipped":0,"pct":100},"statements":{"total":10,"covered":10,"skipped":0,"pct":100},"branches":{"total":0,"covered":0,"skipped":0,"pct":100}}
,"C:\\Users\\tyler\\ship\\api\\src\\openapi\\schemas\\common.ts": {"lines":{"total":17,"covered":16,"skipped":0,"pct":94.11},"functions":{"total":1,"covered":0,"skipped":0,"pct":0},"statements":{"total":17,"covered":16,"skipped":0,"pct":94.11},"branches":{"total":0,"covered":0,"skipped":0,"pct":100}}
,"C:\\Users\\tyler\\ship\\api\\src\\openapi\\schemas\\dashboard.ts": {"lines":{"total":32,"covered":32,"skipped":0,"pct":100},"functions":{"total":0,"covered":0,"skipped":0,"pct":100},"statements":{"total":32,"covered":32,"skipped":0,"pct":100},"branches":{"total":0,"covered":0,"skipped":0,"pct":100}}
,"C:\\Users\\tyler\\ship\\api\\src\\openapi\\schemas\\documents.ts": {"lines":{"total":15,"covered":15,"skipped":0,"pct":100},"functions":{"total":0,"covered":0,"skipped":0,"pct":100},"statements":{"total":15,"covered":15,"skipped":0,"pct":100},"branches":{"total":0,"covered":0,"skipped":0,"pct":100}}
,"C:\\Users\\tyler\\ship\\api\\src\\openapi\\schemas\\files.ts": {"lines":{"total":10,"covered":10,"skipped":0,"pct":100},"functions":{"total":0,"covered":0,"skipped":0,"pct":100},"statements":{"total":10,"covered":10,"skipped":0,"pct":100},"branches":{"total":0,"covered":0,"skipped":0,"pct":100}}
,"C:\\Users\\tyler\\ship\\api\\src\\openapi\\schemas\\index.ts": {"lines":{"total":20,"covered":20,"skipped":0,"pct":100},"functions":{"total":0,"covered":0,"skipped":0,"pct":100},"statements":{"total":20,"covered":20,"skipped":0,"pct":100},"branches":{"total":0,"covered":0,"skipped":0,"pct":100}}
,"C:\\Users\\tyler\\ship\\api\\src\\openapi\\schemas\\issues.ts": {"lines":{"total":35,"covered":35,"skipped":0,"pct":100},"functions":{"total":0,"covered":0,"skipped":0,"pct":100},"statements":{"total":35,"covered":35,"skipped":0,"pct":100},"branches":{"total":0,"covered":0,"skipped":0,"pct":100}}
,"C:\\Users\\tyler\\ship\\api\\src\\openapi\\schemas\\programs.ts": {"lines":{"total":18,"covered":18,"skipped":0,"pct":100},"functions":{"total":0,"covered":0,"skipped":0,"pct":100},"statements":{"total":18,"covered":18,"skipped":0,"pct":100},"branches":{"total":0,"covered":0,"skipped":0,"pct":100}}
,"C:\\Users\\tyler\\ship\\api\\src\\openapi\\schemas\\projects.ts": {"lines":{"total":19,"covered":19,"skipped":0,"pct":100},"functions":{"total":0,"covered":0,"skipped":0,"pct":100},"statements":{"total":19,"covered":19,"skipped":0,"pct":100},"branches":{"total":0,"covered":0,"skipped":0,"pct":100}}
,"C:\\Users\\tyler\\ship\\api\\src\\openapi\\schemas\\search.ts": {"lines":{"total":7,"covered":7,"skipped":0,"pct":100},"functions":{"total":0,"covered":0,"skipped":0,"pct":100},"statements":{"total":7,"covered":7,"skipped":0,"pct":100},"branches":{"total":0,"covered":0,"skipped":0,"pct":100}}
,"C:\\Users\\tyler\\ship\\api\\src\\openapi\\schemas\\standups.ts": {"lines":{"total":13,"covered":13,"skipped":0,"pct":100},"functions":{"total":0,"covered":0,"skipped":0,"pct":100},"statements":{"total":13,"covered":13,"skipped":0,"pct":100},"branches":{"total":0,"covered":0,"skipped":0,"pct":100}}
,"C:\\Users\\tyler\\ship\\api\\src\\openapi\\schemas\\team.ts": {"lines":{"total":18,"covered":18,"skipped":0,"pct":100},"functions":{"total":0,"covered":0,"skipped":0,"pct":100},"statements":{"total":18,"covered":18,"skipped":0,"pct":100},"branches":{"total":0,"covered":0,"skipped":0,"pct":100}}
,"C:\\Users\\tyler\\ship\\api\\src\\openapi\\schemas\\weekly-plans.ts": {"lines":{"total":27,"covered":27,"skipped":0,"pct":100},"functions":{"total":0,"covered":0,"skipped":0,"pct":100},"statements":{"total":27,"covered":27,"skipped":0,"pct":100},"branches":{"total":0,"covered":0,"skipped":0,"pct":100}}
,"C:\\Users\\tyler\\ship\\api\\src\\openapi\\schemas\\weeks.ts": {"lines":{"total":32,"covered":32,"skipped":0,"pct":100},"functions":{"total":0,"covered":0,"skipped":0,"pct":100},"statements":{"total":32,"covered":32,"skipped":0,"pct":100},"branches":{"total":0,"covered":0,"skipped":0,"pct":100}}
,"C:\\Users\\tyler\\ship\\api\\src\\openapi\\schemas\\workspaces.ts": {"lines":{"total":13,"covered":13,"skipped":0,"pct":100},"functions":{"total":0,"covered":0,"skipped":0,"pct":100},"statements":{"total":13,"covered":13,"skipped":0,"pct":100},"branches":{"total":0,"covered":0,"skipped":0,"pct":100}}
,"C:\\Users\\tyler\\ship\\api\\src\\routes\\accountability.ts": {"lines":{"total":28,"covered":2,"skipped":0,"pct":7.14},"functions":{"total":5,"covered":0,"skipped":0,"pct":0},"statements":{"total":32,"covered":2,"skipped":0,"pct":6.25},"branches":{"total":24,"covered":0,"skipped":0,"pct":0}}
,"C:\\Users\\tyler\\ship\\api\\src\\routes\\activity.ts": {"lines":{"total":28,"covered":26,"skipped":0,"pct":92.85},"functions":{"total":2,"covered":2,"skipped":0,"pct":100},"statements":{"total":28,"covered":26,"skipped":0,"pct":92.85},"branches":{"total":8,"covered":7,"skipped":0,"pct":87.5}}
,"C:\\Users\\tyler\\ship\\api\\src\\routes\\admin-credentials.ts": {"lines":{"total":91,"covered":6,"skipped":0,"pct":6.59},"functions":{"total":9,"covered":0,"skipped":0,"pct":0},"statements":{"total":91,"covered":6,"skipped":0,"pct":6.59},"branches":{"total":56,"covered":0,"skipped":0,"pct":0}}
,"C:\\Users\\tyler\\ship\\api\\src\\routes\\admin.ts": {"lines":{"total":424,"covered":60,"skipped":0,"pct":14.15},"functions":{"total":37,"covered":7,"skipped":0,"pct":18.91},"statements":{"total":433,"covered":63,"skipped":0,"pct":14.54},"branches":{"total":157,"covered":10,"skipped":0,"pct":6.36}}
,"C:\\Users\\tyler\\ship\\api\\src\\routes\\ai.ts": {"lines":{"total":34,"covered":4,"skipped":0,"pct":11.76},"functions":{"total":3,"covered":0,"skipped":0,"pct":0},"statements":{"total":34,"covered":4,"skipped":0,"pct":11.76},"branches":{"total":10,"covered":0,"skipped":0,"pct":0}}
,"C:\\Users\\tyler\\ship\\api\\src\\routes\\api-tokens.ts": {"lines":{"total":45,"covered":6,"skipped":0,"pct":13.33},"functions":{"total":6,"covered":1,"skipped":0,"pct":16.66},"statements":{"total":45,"covered":6,"skipped":0,"pct":13.33},"branches":{"total":11,"covered":0,"skipped":0,"pct":0}}
,"C:\\Users\\tyler\\ship\\api\\src\\routes\\associations.ts": {"lines":{"total":121,"covered":8,"skipped":0,"pct":6.61},"functions":{"total":11,"covered":0,"skipped":0,"pct":0},"statements":{"total":124,"covered":8,"skipped":0,"pct":6.45},"branches":{"total":56,"covered":0,"skipped":0,"pct":0}}
,"C:\\Users\\tyler\\ship\\api\\src\\routes\\auth.ts": {"lines":{"total":101,"covered":84,"skipped":0,"pct":83.16},"functions":{"total":11,"covered":11,"skipped":0,"pct":100},"statements":{"total":102,"covered":85,"skipped":0,"pct":83.33},"branches":{"total":46,"covered":32,"skipped":0,"pct":69.56}}
,"C:\\Users\\tyler\\ship\\api\\src\\routes\\backlinks.ts": {"lines":{"total":52,"covered":46,"skipped":0,"pct":88.46},"functions":{"total":4,"covered":4,"skipped":0,"pct":100},"statements":{"total":53,"covered":47,"skipped":0,"pct":88.67},"branches":{"total":16,"covered":16,"skipped":0,"pct":100}}
,"C:\\Users\\tyler\\ship\\api\\src\\routes\\caia-auth.ts": {"lines":{"total":127,"covered":5,"skipped":0,"pct":3.93},"functions":{"total":12,"covered":0,"skipped":0,"pct":0},"statements":{"total":128,"covered":5,"skipped":0,"pct":3.9},"branches":{"total":76,"covered":0,"skipped":0,"pct":0}}
,"C:\\Users\\tyler\\ship\\api\\src\\routes\\claude.ts": {"lines":{"total":136,"covered":59,"skipped":0,"pct":43.38},"functions":{"total":30,"covered":15,"skipped":0,"pct":50},"statements":{"total":142,"covered":59,"skipped":0,"pct":41.54},"branches":{"total":80,"covered":26,"skipped":0,"pct":32.5}}
,"C:\\Users\\tyler\\ship\\api\\src\\routes\\comments.ts": {"lines":{"total":88,"covered":8,"skipped":0,"pct":9.09},"functions":{"total":5,"covered":0,"skipped":0,"pct":0},"statements":{"total":89,"covered":8,"skipped":0,"pct":8.98},"branches":{"total":26,"covered":0,"skipped":0,"pct":0}}
,"C:\\Users\\tyler\\ship\\api\\src\\routes\\dashboard.ts": {"lines":{"total":196,"covered":4,"skipped":0,"pct":2.04},"functions":{"total":12,"covered":0,"skipped":0,"pct":0},"statements":{"total":202,"covered":4,"skipped":0,"pct":1.98},"branches":{"total":112,"covered":0,"skipped":0,"pct":0}}
,"C:\\Users\\tyler\\ship\\api\\src\\routes\\documents.ts": {"lines":{"total":500,"covered":294,"skipped":0,"pct":58.8},"functions":{"total":18,"covered":10,"skipped":0,"pct":55.55},"statements":{"total":526,"covered":314,"skipped":0,"pct":59.69},"branches":{"total":412,"covered":226,"skipped":0,"pct":54.85}}
,"C:\\Users\\tyler\\ship\\api\\src\\routes\\feedback.ts": {"lines":{"total":56,"covered":7,"skipped":0,"pct":12.5},"functions":{"total":4,"covered":0,"skipped":0,"pct":0},"statements":{"total":56,"covered":7,"skipped":0,"pct":12.5},"branches":{"total":30,"covered":0,"skipped":0,"pct":0}}
,"C:\\Users\\tyler\\ship\\api\\src\\routes\\files.ts": {"lines":{"total":162,"covered":74,"skipped":0,"pct":45.67},"functions":{"total":10,"covered":6,"skipped":0,"pct":60},"statements":{"total":163,"covered":74,"skipped":0,"pct":45.39},"branches":{"total":72,"covered":27,"skipped":0,"pct":37.5}}
,"C:\\Users\\tyler\\ship\\api\\src\\routes\\invites.ts": {"lines":{"total":66,"covered":20,"skipped":0,"pct":30.3},"functions":{"total":2,"covered":1,"skipped":0,"pct":50},"statements":{"total":66,"covered":20,"skipped":0,"pct":30.3},"branches":{"total":26,"covered":6,"skipped":0,"pct":23.07}}
,"C:\\Users\\tyler\\ship\\api\\src\\routes\\issues.ts": {"lines":{"total":564,"covered":333,"skipped":0,"pct":59.04},"functions":{"total":44,"covered":34,"skipped":0,"pct":77.27},"statements":{"total":583,"covered":349,"skipped":0,"pct":59.86},"branches":{"total":312,"covered":184,"skipped":0,"pct":58.97}}
,"C:\\Users\\tyler\\ship\\api\\src\\routes\\iterations.ts": {"lines":{"total":52,"covered":46,"skipped":0,"pct":88.46},"functions":{"total":3,"covered":3,"skipped":0,"pct":100},"statements":{"total":53,"covered":47,"skipped":0,"pct":88.67},"branches":{"total":18,"covered":14,"skipped":0,"pct":77.77}}
,"C:\\Users\\tyler\\ship\\api\\src\\routes\\programs.ts": {"lines":{"total":270,"covered":14,"skipped":0,"pct":5.18},"functions":{"total":18,"covered":0,"skipped":0,"pct":0},"statements":{"total":277,"covered":14,"skipped":0,"pct":5.05},"branches":{"total":158,"covered":0,"skipped":0,"pct":0}}
,"C:\\Users\\tyler\\ship\\api\\src\\routes\\projects.ts": {"lines":{"total":486,"covered":262,"skipped":0,"pct":53.9},"functions":{"total":33,"covered":22,"skipped":0,"pct":66.66},"statements":{"total":494,"covered":267,"skipped":0,"pct":54.04},"branches":{"total":360,"covered":159,"skipped":0,"pct":44.16}}
,"C:\\Users\\tyler\\ship\\api\\src\\routes\\search.ts": {"lines":{"total":38,"covered":32,"skipped":0,"pct":84.21},"functions":{"total":3,"covered":3,"skipped":0,"pct":100},"statements":{"total":38,"covered":32,"skipped":0,"pct":84.21},"branches":{"total":10,"covered":8,"skipped":0,"pct":80}}
,"C:\\Users\\tyler\\ship\\api\\src\\routes\\setup.ts": {"lines":{"total":34,"covered":3,"skipped":0,"pct":8.82},"functions":{"total":2,"covered":0,"skipped":0,"pct":0},"statements":{"total":34,"covered":3,"skipped":0,"pct":8.82},"branches":{"total":9,"covered":0,"skipped":0,"pct":0}}
,"C:\\Users\\tyler\\ship\\api\\src\\routes\\standups.ts": {"lines":{"total":129,"covered":77,"skipped":0,"pct":59.68},"functions":{"total":7,"covered":4,"skipped":0,"pct":57.14},"statements":{"total":131,"covered":78,"skipped":0,"pct":59.54},"branches":{"total":38,"covered":22,"skipped":0,"pct":57.89}}
,"C:\\Users\\tyler\\ship\\api\\src\\routes\\team.ts": {"lines":{"total":685,"covered":62,"skipped":0,"pct":9.05},"functions":{"total":30,"covered":2,"skipped":0,"pct":6.66},"statements":{"total":724,"covered":63,"skipped":0,"pct":8.7},"branches":{"total":382,"covered":8,"skipped":0,"pct":2.09}}
,"C:\\Users\\tyler\\ship\\api\\src\\routes\\weekly-plans.ts": {"lines":{"total":314,"covered":16,"skipped":0,"pct":5.09},"functions":{"total":22,"covered":0,"skipped":0,"pct":0},"statements":{"total":333,"covered":16,"skipped":0,"pct":4.8},"branches":{"total":163,"covered":0,"skipped":0,"pct":0}}
,"C:\\Users\\tyler\\ship\\api\\src\\routes\\weeks.ts": {"lines":{"total":963,"covered":580,"skipped":0,"pct":60.22},"functions":{"total":56,"covered":40,"skipped":0,"pct":71.42},"statements":{"total":975,"covered":586,"skipped":0,"pct":60.1},"branches":{"total":624,"covered":318,"skipped":0,"pct":50.96}}
,"C:\\Users\\tyler\\ship\\api\\src\\routes\\workspaces.ts": {"lines":{"total":223,"covered":88,"skipped":0,"pct":39.46},"functions":{"total":20,"covered":12,"skipped":0,"pct":60},"statements":{"total":227,"covered":91,"skipped":0,"pct":40.08},"branches":{"total":86,"covered":37,"skipped":0,"pct":43.02}}
,"C:\\Users\\tyler\\ship\\api\\src\\services\\accountability.ts": {"lines":{"total":137,"covered":76,"skipped":0,"pct":55.47},"functions":{"total":7,"covered":5,"skipped":0,"pct":71.42},"statements":{"total":138,"covered":76,"skipped":0,"pct":55.07},"branches":{"total":102,"covered":32,"skipped":0,"pct":31.37}}
,"C:\\Users\\tyler\\ship\\api\\src\\services\\ai-analysis.ts": {"lines":{"total":111,"covered":11,"skipped":0,"pct":9.9},"functions":{"total":14,"covered":0,"skipped":0,"pct":0},"statements":{"total":122,"covered":11,"skipped":0,"pct":9.01},"branches":{"total":85,"covered":0,"skipped":0,"pct":0}}
,"C:\\Users\\tyler\\ship\\api\\src\\services\\audit.ts": {"lines":{"total":6,"covered":5,"skipped":0,"pct":83.33},"functions":{"total":1,"covered":1,"skipped":0,"pct":100},"statements":{"total":6,"covered":5,"skipped":0,"pct":83.33},"branches":{"total":17,"covered":15,"skipped":0,"pct":88.23}}
,"C:\\Users\\tyler\\ship\\api\\src\\services\\caia.ts": {"lines":{"total":131,"covered":6,"skipped":0,"pct":4.58},"functions":{"total":9,"covered":2,"skipped":0,"pct":22.22},"statements":{"total":131,"covered":6,"skipped":0,"pct":4.58},"branches":{"total":54,"covered":3,"skipped":0,"pct":5.55}}
,"C:\\Users\\tyler\\ship\\api\\src\\services\\invite-acceptance.ts": {"lines":{"total":16,"covered":0,"skipped":0,"pct":0},"functions":{"total":1,"covered":0,"skipped":0,"pct":0},"statements":{"total":16,"covered":0,"skipped":0,"pct":0},"branches":{"total":6,"covered":0,"skipped":0,"pct":0}}
,"C:\\Users\\tyler\\ship\\api\\src\\services\\oauth-state.ts": {"lines":{"total":15,"covered":1,"skipped":0,"pct":6.66},"functions":{"total":5,"covered":0,"skipped":0,"pct":0},"statements":{"total":15,"covered":1,"skipped":0,"pct":6.66},"branches":{"total":11,"covered":0,"skipped":0,"pct":0}}
,"C:\\Users\\tyler\\ship\\api\\src\\services\\secrets-manager.ts": {"lines":{"total":63,"covered":1,"skipped":0,"pct":1.58},"functions":{"total":7,"covered":0,"skipped":0,"pct":0},"statements":{"total":63,"covered":1,"skipped":0,"pct":1.58},"branches":{"total":31,"covered":0,"skipped":0,"pct":0}}
,"C:\\Users\\tyler\\ship\\api\\src\\utils\\allocation.ts": {"lines":{"total":2,"covered":0,"skipped":0,"pct":0},"functions":{"total":2,"covered":0,"skipped":0,"pct":0},"statements":{"total":3,"covered":0,"skipped":0,"pct":0},"branches":{"total":2,"covered":0,"skipped":0,"pct":0}}
,"C:\\Users\\tyler\\ship\\api\\src\\utils\\business-days.ts": {"lines":{"total":59,"covered":59,"skipped":0,"pct":100},"functions":{"total":9,"covered":9,"skipped":0,"pct":100},"statements":{"total":61,"covered":61,"skipped":0,"pct":100},"branches":{"total":28,"covered":28,"skipped":0,"pct":100}}
,"C:\\Users\\tyler\\ship\\api\\src\\utils\\document-content.ts": {"lines":{"total":14,"covered":14,"skipped":0,"pct":100},"functions":{"total":2,"covered":2,"skipped":0,"pct":100},"statements":{"total":19,"covered":19,"skipped":0,"pct":100},"branches":{"total":18,"covered":18,"skipped":0,"pct":100}}
,"C:\\Users\\tyler\\ship\\api\\src\\utils\\document-crud.ts": {"lines":{"total":77,"covered":24,"skipped":0,"pct":31.16},"functions":{"total":21,"covered":6,"skipped":0,"pct":28.57},"statements":{"total":85,"covered":26,"skipped":0,"pct":30.58},"branches":{"total":78,"covered":27,"skipped":0,"pct":34.61}}
,"C:\\Users\\tyler\\ship\\api\\src\\utils\\extractHypothesis.ts": {"lines":{"total":114,"covered":108,"skipped":0,"pct":94.73},"functions":{"total":8,"covered":8,"skipped":0,"pct":100},"statements":{"total":141,"covered":125,"skipped":0,"pct":88.65},"branches":{"total":131,"covered":106,"skipped":0,"pct":80.91}}
,"C:\\Users\\tyler\\ship\\api\\src\\utils\\transformIssueLinks.ts": {"lines":{"total":69,"covered":63,"skipped":0,"pct":91.3},"functions":{"total":8,"covered":8,"skipped":0,"pct":100},"statements":{"total":76,"covered":68,"skipped":0,"pct":89.47},"branches":{"total":60,"covered":52,"skipped":0,"pct":86.66}}
,"C:\\Users\\tyler\\ship\\api\\src\\utils\\yjsConverter.ts": {"lines":{"total":113,"covered":61,"skipped":0,"pct":53.98},"functions":{"total":8,"covered":7,"skipped":0,"pct":87.5},"statements":{"total":117,"covered":63,"skipped":0,"pct":53.84},"branches":{"total":79,"covered":29,"skipped":0,"pct":36.7}}
}
